  Compiling CUDA source file kernel.cu...
  
  C:\Users\manue\Documents\Visual Studio 2015\Projects\Nearest Neighbor\Nearest Neighbor>"C:\Program Files\NVIDIA GPU Computing Toolkit\CUDA\v8.0\bin\nvcc.exe" -gencode=arch=compute_20,code=\"sm_20,compute_20\" --use-local-env --cl-version 2015 -ccbin "C:\Program Files (x86)\Microsoft Visual Studio 14.0\VC\bin"  -I"C:\Program Files\NVIDIA GPU Computing Toolkit\CUDA\v8.0\include" -I"C:\Program Files\NVIDIA GPU Computing Toolkit\CUDA\v8.0\include"     --keep-dir Release -maxrregcount=0  --machine 32 --compile -cudart static     -DWIN32 -DNDEBUG -D_CONSOLE -D_MBCS -Xcompiler "/EHsc /W3 /nologo /O2 /FS /Zi  /MD " -o Release\kernel.cu.obj "C:\Users\manue\Documents\Visual Studio 2015\Projects\Nearest Neighbor\Nearest Neighbor\kernel.cu" 
C:/Users/manue/Documents/Visual Studio 2015/Projects/Nearest Neighbor/Nearest Neighbor/kernel.cu(64): warning : label "std" was declared but never referenced
C:/Users/manue/Documents/Visual Studio 2015/Projects/Nearest Neighbor/Nearest Neighbor/kernel.cu(64): warning : label "std" was declared but never referenced
CUDACOMPILE : nvcc warning : The 'compute_20', 'sm_20', and 'sm_21' architectures are deprecated, and may be removed in a future release (Use -Wno-deprecated-gpu-targets to suppress warning).
  kernel.cu
C:/Users/manue/Documents/Visual Studio 2015/Projects/Nearest Neighbor/Nearest Neighbor/kernel.cu(64): warning C4102: 'std': unreferenced label
  image.cpp
  nearest_neighbor.cpp
..\..\..\..\GitHub\Devil\pixel-art-upscaler\C++\nearest_neighbour\nearest_neighbor.cpp(10): warning C4018: '<': signed/unsigned mismatch
..\..\..\..\GitHub\Devil\pixel-art-upscaler\C++\nearest_neighbour\nearest_neighbor.cpp(11): warning C4018: '<': signed/unsigned mismatch
image.obj : error LNK2001: unresolved external symbol __imp__ilTexImage@28
image.obj : error LNK2001: unresolved external symbol __imp__ilSaveImage@4
image.obj : error LNK2001: unresolved external symbol __imp__ilEnable@4
image.obj : error LNK2001: unresolved external symbol __imp__ilHint@8
image.obj : error LNK2001: unresolved external symbol __imp__ilLoadImage@4
image.obj : error LNK2001: unresolved external symbol __imp__ilConvertImage@8
image.obj : error LNK2001: unresolved external symbol __imp__ilGetInteger@4
image.obj : error LNK2001: unresolved external symbol __imp__ilCopyPixels@36
nearest_neighbor.obj : error LNK2001: unresolved external symbol __imp__ilDeleteImages@8
nearest_neighbor.obj : error LNK2001: unresolved external symbol __imp__ilInit@0
nearest_neighbor.obj : error LNK2001: unresolved external symbol __imp__ilBindImage@4
nearest_neighbor.obj : error LNK2001: unresolved external symbol __imp__ilGenImages@8
C:\Users\manue\Documents\Visual Studio 2015\Projects\Nearest Neighbor\Release\Nearest Neighbor.exe : fatal error LNK1120: 12 unresolved externals
